<?xml version="1.0" encoding="UTF-8" ?>
<testsuite failures="0" time="1.231" errors="1" skipped="0" tests="1" name="com.mdstech.workflow.controller.CustomerControllerTest">
  <properties>
    <property name="java.runtime.name" value="Java(TM) SE Runtime Environment"/>
    <property name="sun.boot.library.path" value="/System/Library/Java/JavaVirtualMachines/1.6.0.jdk/Contents/Libraries"/>
    <property name="java.vm.version" value="20.8-b03-424"/>
    <property name="awt.nativeDoubleBuffering" value="true"/>
    <property name="gopherProxySet" value="false"/>
    <property name="mrj.build" value="11M3720"/>
    <property name="java.vm.vendor" value="Apple Inc."/>
    <property name="java.vendor.url" value="http://www.apple.com/"/>
    <property name="path.separator" value=":"/>
    <property name="java.vm.name" value="Java HotSpot(TM) 64-Bit Server VM"/>
    <property name="file.encoding.pkg" value="sun.io"/>
    <property name="user.country" value="US"/>
    <property name="sun.java.launcher" value="SUN_STANDARD"/>
    <property name="sun.os.patch.level" value="unknown"/>
    <property name="java.vm.specification.name" value="Java Virtual Machine Specification"/>
    <property name="user.dir" value="/Development/InsuranceWS/SimpleWorkflow/SimpleWorkflow-ui"/>
    <property name="java.runtime.version" value="1.6.0_33-b03-424-11M3720"/>
    <property name="java.awt.graphicsenv" value="apple.awt.CGraphicsEnvironment"/>
    <property name="basedir" value="/Development/InsuranceWS/SimpleWorkflow/SimpleWorkflow-ui"/>
    <property name="java.endorsed.dirs" value="/System/Library/Java/JavaVirtualMachines/1.6.0.jdk/Contents/Home/lib/endorsed"/>
    <property name="os.arch" value="x86_64"/>
    <property name="surefire.real.class.path" value="/Development/InsuranceWS/SimpleWorkflow/SimpleWorkflow-ui/target/surefire/surefirebooter7038890136318281623.jar"/>
    <property name="java.io.tmpdir" value="/var/folders/t3/dqt607_903d2brlxl35b8p140000gn/T/"/>
    <property name="line.separator" value="
"/>
    <property name="java.vm.specification.vendor" value="Sun Microsystems Inc."/>
    <property name="os.name" value="Mac OS X"/>
    <property name="sun.jnu.encoding" value="MacRoman"/>
    <property name="java.library.path" value=".:/Library/Java/Extensions:/System/Library/Java/Extensions:/usr/lib/java"/>
    <property name="surefire.test.class.path" value="/Development/InsuranceWS/SimpleWorkflow/SimpleWorkflow-ui/target/test-classes:/Development/InsuranceWS/SimpleWorkflow/SimpleWorkflow-ui/target/classes:/Users/Srini/.m2/repository/javax/servlet/jstl/1.2/jstl-1.2.jar:/Users/Srini/.m2/repository/javax/servlet/javax.servlet-api/3.0.1/javax.servlet-api-3.0.1.jar:/Users/Srini/.m2/repository/org/springframework/spring-web/3.1.1.RELEASE/spring-web-3.1.1.RELEASE.jar:/Users/Srini/.m2/repository/aopalliance/aopalliance/1.0/aopalliance-1.0.jar:/Users/Srini/.m2/repository/org/springframework/spring-webmvc/3.1.1.RELEASE/spring-webmvc-3.1.1.RELEASE.jar:/Users/Srini/.m2/repository/org/springframework/spring-asm/3.1.1.RELEASE/spring-asm-3.1.1.RELEASE.jar:/Users/Srini/.m2/repository/org/springframework/spring-expression/3.1.1.RELEASE/spring-expression-3.1.1.RELEASE.jar:/Users/Srini/.m2/repository/org/springframework/security/spring-security-core/3.1.1.RELEASE/spring-security-core-3.1.1.RELEASE.jar:/Users/Srini/.m2/repository/org/springframework/spring-aop/3.0.7.RELEASE/spring-aop-3.0.7.RELEASE.jar:/Users/Srini/.m2/repository/org/springframework/security/spring-security-config/3.1.1.RELEASE/spring-security-config-3.1.1.RELEASE.jar:/Users/Srini/.m2/repository/org/springframework/security/spring-security-web/3.1.1.RELEASE/spring-security-web-3.1.1.RELEASE.jar:/Users/Srini/.m2/repository/org/springframework/security/spring-security-taglibs/3.1.1.RELEASE/spring-security-taglibs-3.1.1.RELEASE.jar:/Users/Srini/.m2/repository/org/springframework/security/spring-security-acl/3.1.1.RELEASE/spring-security-acl-3.1.1.RELEASE.jar:/Users/Srini/.m2/repository/org/apache/tiles/tiles-core/2.2.2/tiles-core-2.2.2.jar:/Users/Srini/.m2/repository/org/apache/tiles/tiles-api/2.2.2/tiles-api-2.2.2.jar:/Users/Srini/.m2/repository/org/apache/tiles/tiles-jsp/2.2.2/tiles-jsp-2.2.2.jar:/Users/Srini/.m2/repository/org/apache/tiles/tiles-servlet/2.2.2/tiles-servlet-2.2.2.jar:/Users/Srini/.m2/repository/org/apache/tiles/tiles-template/2.2.2/tiles-template-2.2.2.jar:/Users/Srini/.m2/repository/commons-digester/commons-digester/2.1/commons-digester-2.1.jar:/Users/Srini/.m2/repository/commons-logging/commons-logging/1.1.1/commons-logging-1.1.1.jar:/Users/Srini/.m2/repository/commons-beanutils/commons-beanutils/1.8.3/commons-beanutils-1.8.3.jar:/Users/Srini/.m2/repository/commons-httpclient/commons-httpclient/3.1/commons-httpclient-3.1.jar:/Users/Srini/.m2/repository/commons-codec/commons-codec/1.2/commons-codec-1.2.jar:/Users/Srini/.m2/repository/wss4j/wss4j/1.5.1/wss4j-1.5.1.jar:/Users/Srini/.m2/repository/com/mdstech/sample/SimpleWorkflow-remote/0.0.1-SNAPSHOT/SimpleWorkflow-remote-0.0.1-SNAPSHOT.jar:/Users/Srini/.m2/repository/com/mdstech/sample/SimpleWorkflow-service/0.0.1-SNAPSHOT/SimpleWorkflow-service-0.0.1-SNAPSHOT.jar:/Users/Srini/.m2/repository/org/springframework/data/spring-data-jpa/1.0.2.RELEASE/spring-data-jpa-1.0.2.RELEASE.jar:/Users/Srini/.m2/repository/org/springframework/data/spring-data-commons-core/1.1.0.RELEASE/spring-data-commons-core-1.1.0.RELEASE.jar:/Users/Srini/.m2/repository/org/aspectj/aspectjrt/1.6.8/aspectjrt-1.6.8.jar:/Users/Srini/.m2/repository/org/hibernate/hibernate-core/4.0.1.Final/hibernate-core-4.0.1.Final.jar:/Users/Srini/.m2/repository/commons-collections/commons-collections/3.2.1/commons-collections-3.2.1.jar:/Users/Srini/.m2/repository/antlr/antlr/2.7.7/antlr-2.7.7.jar:/Users/Srini/.m2/repository/org/jboss/spec/javax/transaction/jboss-transaction-api_1.1_spec/1.0.0.Final/jboss-transaction-api_1.1_spec-1.0.0.Final.jar:/Users/Srini/.m2/repository/dom4j/dom4j/1.6.1/dom4j-1.6.1.jar:/Users/Srini/.m2/repository/xml-apis/xml-apis/1.0.b2/xml-apis-1.0.b2.jar:/Users/Srini/.m2/repository/org/jboss/logging/jboss-logging/3.1.0.CR2/jboss-logging-3.1.0.CR2.jar:/Users/Srini/.m2/repository/org/javassist/javassist/3.15.0-GA/javassist-3.15.0-GA.jar:/Users/Srini/.m2/repository/org/hibernate/common/hibernate-commons-annotations/4.0.1.Final/hibernate-commons-annotations-4.0.1.Final.jar:/Users/Srini/.m2/repository/org/hibernate/hibernate-entitymanager/4.0.1.Final/hibernate-entitymanager-4.0.1.Final.jar:/Users/Srini/.m2/repository/org/hibernate/javax/persistence/hibernate-jpa-2.0-api/1.0.1.Final/hibernate-jpa-2.0-api-1.0.1.Final.jar:/Users/Srini/.m2/repository/com/h2database/h2/1.3.160/h2-1.3.160.jar:/Users/Srini/.m2/repository/joda-time/joda-time/2.1/joda-time-2.1.jar:/Users/Srini/.m2/repository/joda-time/joda-time-hibernate/1.3/joda-time-hibernate-1.3.jar:/Users/Srini/.m2/repository/commons-lang/commons-lang/2.6/commons-lang-2.6.jar:/Users/Srini/.m2/repository/org/springframework/spring-beans/3.1.1.RELEASE/spring-beans-3.1.1.RELEASE.jar:/Users/Srini/.m2/repository/org/springframework/spring-core/3.1.1.RELEASE/spring-core-3.1.1.RELEASE.jar:/Users/Srini/.m2/repository/org/springframework/spring-context-support/3.1.1.RELEASE/spring-context-support-3.1.1.RELEASE.jar:/Users/Srini/.m2/repository/org/springframework/spring-context/3.1.1.RELEASE/spring-context-3.1.1.RELEASE.jar:/Users/Srini/.m2/repository/org/springframework/spring-jdbc/3.1.1.RELEASE/spring-jdbc-3.1.1.RELEASE.jar:/Users/Srini/.m2/repository/org/springframework/spring-orm/3.1.1.RELEASE/spring-orm-3.1.1.RELEASE.jar:/Users/Srini/.m2/repository/org/springframework/spring-tx/3.1.1.RELEASE/spring-tx-3.1.1.RELEASE.jar:/Users/Srini/.m2/repository/cglib/cglib/2.2.2/cglib-2.2.2.jar:/Users/Srini/.m2/repository/asm/asm/3.3.1/asm-3.3.1.jar:/Users/Srini/.m2/repository/org/hibernate/hibernate-validator/4.2.0.Final/hibernate-validator-4.2.0.Final.jar:/Users/Srini/.m2/repository/javax/validation/validation-api/1.0.0.GA/validation-api-1.0.0.GA.jar:/Users/Srini/.m2/repository/org/codehaus/jackson/jackson-mapper-asl/1.8.1/jackson-mapper-asl-1.8.1.jar:/Users/Srini/.m2/repository/org/codehaus/jackson/jackson-core-asl/1.8.1/jackson-core-asl-1.8.1.jar:/Users/Srini/.m2/repository/org/slf4j/slf4j-api/1.6.4/slf4j-api-1.6.4.jar:/Users/Srini/.m2/repository/org/slf4j/slf4j-log4j12/1.6.4/slf4j-log4j12-1.6.4.jar:/Users/Srini/.m2/repository/org/slf4j/jcl-over-slf4j/1.6.4/jcl-over-slf4j-1.6.4.jar:/Users/Srini/.m2/repository/log4j/log4j/1.2.16/log4j-1.2.16.jar:/Users/Srini/.m2/repository/javax/inject/javax.inject/1/javax.inject-1.jar:/Users/Srini/.m2/repository/junit/junit/4.9/junit-4.9.jar:/Users/Srini/.m2/repository/org/hamcrest/hamcrest-core/1.1/hamcrest-core-1.1.jar:/Users/Srini/.m2/repository/org/springframework/spring-test/3.1.1.RELEASE/spring-test-3.1.1.RELEASE.jar:"/>
    <property name="java.specification.name" value="Java Platform API Specification"/>
    <property name="java.class.version" value="50.0"/>
    <property name="sun.management.compiler" value="HotSpot 64-Bit Tiered Compilers"/>
    <property name="os.version" value="10.7.4"/>
    <property name="http.nonProxyHosts" value="local|*.local|169.254/16|*.169.254/16"/>
    <property name="user.home" value="/Users/Srini"/>
    <property name="user.timezone" value="America/New_York"/>
    <property name="java.awt.printerjob" value="apple.awt.CPrinterJob"/>
    <property name="java.specification.version" value="1.6"/>
    <property name="file.encoding" value="MacRoman"/>
    <property name="user.name" value="Srini"/>
    <property name="java.class.path" value="/Development/InsuranceWS/SimpleWorkflow/SimpleWorkflow-ui/target/test-classes:/Development/InsuranceWS/SimpleWorkflow/SimpleWorkflow-ui/target/classes:/Users/Srini/.m2/repository/javax/servlet/jstl/1.2/jstl-1.2.jar:/Users/Srini/.m2/repository/javax/servlet/javax.servlet-api/3.0.1/javax.servlet-api-3.0.1.jar:/Users/Srini/.m2/repository/org/springframework/spring-web/3.1.1.RELEASE/spring-web-3.1.1.RELEASE.jar:/Users/Srini/.m2/repository/aopalliance/aopalliance/1.0/aopalliance-1.0.jar:/Users/Srini/.m2/repository/org/springframework/spring-webmvc/3.1.1.RELEASE/spring-webmvc-3.1.1.RELEASE.jar:/Users/Srini/.m2/repository/org/springframework/spring-asm/3.1.1.RELEASE/spring-asm-3.1.1.RELEASE.jar:/Users/Srini/.m2/repository/org/springframework/spring-expression/3.1.1.RELEASE/spring-expression-3.1.1.RELEASE.jar:/Users/Srini/.m2/repository/org/springframework/security/spring-security-core/3.1.1.RELEASE/spring-security-core-3.1.1.RELEASE.jar:/Users/Srini/.m2/repository/org/springframework/spring-aop/3.0.7.RELEASE/spring-aop-3.0.7.RELEASE.jar:/Users/Srini/.m2/repository/org/springframework/security/spring-security-config/3.1.1.RELEASE/spring-security-config-3.1.1.RELEASE.jar:/Users/Srini/.m2/repository/org/springframework/security/spring-security-web/3.1.1.RELEASE/spring-security-web-3.1.1.RELEASE.jar:/Users/Srini/.m2/repository/org/springframework/security/spring-security-taglibs/3.1.1.RELEASE/spring-security-taglibs-3.1.1.RELEASE.jar:/Users/Srini/.m2/repository/org/springframework/security/spring-security-acl/3.1.1.RELEASE/spring-security-acl-3.1.1.RELEASE.jar:/Users/Srini/.m2/repository/org/apache/tiles/tiles-core/2.2.2/tiles-core-2.2.2.jar:/Users/Srini/.m2/repository/org/apache/tiles/tiles-api/2.2.2/tiles-api-2.2.2.jar:/Users/Srini/.m2/repository/org/apache/tiles/tiles-jsp/2.2.2/tiles-jsp-2.2.2.jar:/Users/Srini/.m2/repository/org/apache/tiles/tiles-servlet/2.2.2/tiles-servlet-2.2.2.jar:/Users/Srini/.m2/repository/org/apache/tiles/tiles-template/2.2.2/tiles-template-2.2.2.jar:/Users/Srini/.m2/repository/commons-digester/commons-digester/2.1/commons-digester-2.1.jar:/Users/Srini/.m2/repository/commons-logging/commons-logging/1.1.1/commons-logging-1.1.1.jar:/Users/Srini/.m2/repository/commons-beanutils/commons-beanutils/1.8.3/commons-beanutils-1.8.3.jar:/Users/Srini/.m2/repository/commons-httpclient/commons-httpclient/3.1/commons-httpclient-3.1.jar:/Users/Srini/.m2/repository/commons-codec/commons-codec/1.2/commons-codec-1.2.jar:/Users/Srini/.m2/repository/wss4j/wss4j/1.5.1/wss4j-1.5.1.jar:/Users/Srini/.m2/repository/com/mdstech/sample/SimpleWorkflow-remote/0.0.1-SNAPSHOT/SimpleWorkflow-remote-0.0.1-SNAPSHOT.jar:/Users/Srini/.m2/repository/com/mdstech/sample/SimpleWorkflow-service/0.0.1-SNAPSHOT/SimpleWorkflow-service-0.0.1-SNAPSHOT.jar:/Users/Srini/.m2/repository/org/springframework/data/spring-data-jpa/1.0.2.RELEASE/spring-data-jpa-1.0.2.RELEASE.jar:/Users/Srini/.m2/repository/org/springframework/data/spring-data-commons-core/1.1.0.RELEASE/spring-data-commons-core-1.1.0.RELEASE.jar:/Users/Srini/.m2/repository/org/aspectj/aspectjrt/1.6.8/aspectjrt-1.6.8.jar:/Users/Srini/.m2/repository/org/hibernate/hibernate-core/4.0.1.Final/hibernate-core-4.0.1.Final.jar:/Users/Srini/.m2/repository/commons-collections/commons-collections/3.2.1/commons-collections-3.2.1.jar:/Users/Srini/.m2/repository/antlr/antlr/2.7.7/antlr-2.7.7.jar:/Users/Srini/.m2/repository/org/jboss/spec/javax/transaction/jboss-transaction-api_1.1_spec/1.0.0.Final/jboss-transaction-api_1.1_spec-1.0.0.Final.jar:/Users/Srini/.m2/repository/dom4j/dom4j/1.6.1/dom4j-1.6.1.jar:/Users/Srini/.m2/repository/xml-apis/xml-apis/1.0.b2/xml-apis-1.0.b2.jar:/Users/Srini/.m2/repository/org/jboss/logging/jboss-logging/3.1.0.CR2/jboss-logging-3.1.0.CR2.jar:/Users/Srini/.m2/repository/org/javassist/javassist/3.15.0-GA/javassist-3.15.0-GA.jar:/Users/Srini/.m2/repository/org/hibernate/common/hibernate-commons-annotations/4.0.1.Final/hibernate-commons-annotations-4.0.1.Final.jar:/Users/Srini/.m2/repository/org/hibernate/hibernate-entitymanager/4.0.1.Final/hibernate-entitymanager-4.0.1.Final.jar:/Users/Srini/.m2/repository/org/hibernate/javax/persistence/hibernate-jpa-2.0-api/1.0.1.Final/hibernate-jpa-2.0-api-1.0.1.Final.jar:/Users/Srini/.m2/repository/com/h2database/h2/1.3.160/h2-1.3.160.jar:/Users/Srini/.m2/repository/joda-time/joda-time/2.1/joda-time-2.1.jar:/Users/Srini/.m2/repository/joda-time/joda-time-hibernate/1.3/joda-time-hibernate-1.3.jar:/Users/Srini/.m2/repository/commons-lang/commons-lang/2.6/commons-lang-2.6.jar:/Users/Srini/.m2/repository/org/springframework/spring-beans/3.1.1.RELEASE/spring-beans-3.1.1.RELEASE.jar:/Users/Srini/.m2/repository/org/springframework/spring-core/3.1.1.RELEASE/spring-core-3.1.1.RELEASE.jar:/Users/Srini/.m2/repository/org/springframework/spring-context-support/3.1.1.RELEASE/spring-context-support-3.1.1.RELEASE.jar:/Users/Srini/.m2/repository/org/springframework/spring-context/3.1.1.RELEASE/spring-context-3.1.1.RELEASE.jar:/Users/Srini/.m2/repository/org/springframework/spring-jdbc/3.1.1.RELEASE/spring-jdbc-3.1.1.RELEASE.jar:/Users/Srini/.m2/repository/org/springframework/spring-orm/3.1.1.RELEASE/spring-orm-3.1.1.RELEASE.jar:/Users/Srini/.m2/repository/org/springframework/spring-tx/3.1.1.RELEASE/spring-tx-3.1.1.RELEASE.jar:/Users/Srini/.m2/repository/cglib/cglib/2.2.2/cglib-2.2.2.jar:/Users/Srini/.m2/repository/asm/asm/3.3.1/asm-3.3.1.jar:/Users/Srini/.m2/repository/org/hibernate/hibernate-validator/4.2.0.Final/hibernate-validator-4.2.0.Final.jar:/Users/Srini/.m2/repository/javax/validation/validation-api/1.0.0.GA/validation-api-1.0.0.GA.jar:/Users/Srini/.m2/repository/org/codehaus/jackson/jackson-mapper-asl/1.8.1/jackson-mapper-asl-1.8.1.jar:/Users/Srini/.m2/repository/org/codehaus/jackson/jackson-core-asl/1.8.1/jackson-core-asl-1.8.1.jar:/Users/Srini/.m2/repository/org/slf4j/slf4j-api/1.6.4/slf4j-api-1.6.4.jar:/Users/Srini/.m2/repository/org/slf4j/slf4j-log4j12/1.6.4/slf4j-log4j12-1.6.4.jar:/Users/Srini/.m2/repository/org/slf4j/jcl-over-slf4j/1.6.4/jcl-over-slf4j-1.6.4.jar:/Users/Srini/.m2/repository/log4j/log4j/1.2.16/log4j-1.2.16.jar:/Users/Srini/.m2/repository/javax/inject/javax.inject/1/javax.inject-1.jar:/Users/Srini/.m2/repository/junit/junit/4.9/junit-4.9.jar:/Users/Srini/.m2/repository/org/hamcrest/hamcrest-core/1.1/hamcrest-core-1.1.jar:/Users/Srini/.m2/repository/org/springframework/spring-test/3.1.1.RELEASE/spring-test-3.1.1.RELEASE.jar:"/>
    <property name="java.vm.specification.version" value="1.0"/>
    <property name="sun.arch.data.model" value="64"/>
    <property name="java.home" value="/System/Library/Java/JavaVirtualMachines/1.6.0.jdk/Contents/Home"/>
    <property name="sun.java.command" value="/Development/InsuranceWS/SimpleWorkflow/SimpleWorkflow-ui/target/surefire/surefirebooter7038890136318281623.jar /Development/InsuranceWS/SimpleWorkflow/SimpleWorkflow-ui/target/surefire/surefire9032393845938184853tmp /Development/InsuranceWS/SimpleWorkflow/SimpleWorkflow-ui/target/surefire/surefire6181537368488715137tmp"/>
    <property name="java.specification.vendor" value="Sun Microsystems Inc."/>
    <property name="user.language" value="en"/>
    <property name="awt.toolkit" value="apple.awt.CToolkit"/>
    <property name="java.vm.info" value="mixed mode"/>
    <property name="java.version" value="1.6.0_33"/>
    <property name="java.ext.dirs" value="/Library/Java/Extensions:/System/Library/Java/Extensions:/System/Library/Java/JavaVirtualMachines/1.6.0.jdk/Contents/Home/lib/ext"/>
    <property name="sun.boot.class.path" value="/System/Library/Java/JavaVirtualMachines/1.6.0.jdk/Contents/Classes/jsfd.jar:/System/Library/Java/JavaVirtualMachines/1.6.0.jdk/Contents/Classes/classes.jar:/System/Library/Frameworks/JavaVM.framework/Frameworks/JavaRuntimeSupport.framework/Resources/Java/JavaRuntimeSupport.jar:/System/Library/Java/JavaVirtualMachines/1.6.0.jdk/Contents/Classes/ui.jar:/System/Library/Java/JavaVirtualMachines/1.6.0.jdk/Contents/Classes/laf.jar:/System/Library/Java/JavaVirtualMachines/1.6.0.jdk/Contents/Classes/sunrsasign.jar:/System/Library/Java/JavaVirtualMachines/1.6.0.jdk/Contents/Classes/jsse.jar:/System/Library/Java/JavaVirtualMachines/1.6.0.jdk/Contents/Classes/jce.jar:/System/Library/Java/JavaVirtualMachines/1.6.0.jdk/Contents/Classes/charsets.jar"/>
    <property name="java.vendor" value="Apple Inc."/>
    <property name="localRepository" value="/Users/Srini/.m2/repository"/>
    <property name="file.separator" value="/"/>
    <property name="java.vendor.url.bug" value="http://bugreport.apple.com/"/>
    <property name="sun.cpu.endian" value="little"/>
    <property name="sun.io.unicode.encoding" value="UnicodeLittle"/>
    <property name="mrj.version" value="1070.1.6.0_33-424"/>
    <property name="socksNonProxyHosts" value="local|*.local|169.254/16|*.169.254/16"/>
    <property name="ftp.nonProxyHosts" value="local|*.local|169.254/16|*.169.254/16"/>
    <property name="sun.cpu.isalist" value=""/>
  </properties>
  <testcase time="0.901" classname="com.mdstech.workflow.controller.CustomerControllerTest" name="testFindAllCustomers">
    <error message="Failed to load ApplicationContext" type="java.lang.IllegalStateException">java.lang.IllegalStateException: Failed to load ApplicationContext
	at org.springframework.test.context.TestContext.getApplicationContext(TestContext.java:157)
	at org.springframework.test.context.support.DependencyInjectionTestExecutionListener.injectDependencies(DependencyInjectionTestExecutionListener.java:109)
	at org.springframework.test.context.support.DependencyInjectionTestExecutionListener.prepareTestInstance(DependencyInjectionTestExecutionListener.java:75)
	at org.springframework.test.context.TestContextManager.prepareTestInstance(TestContextManager.java:321)
	at org.springframework.test.context.junit4.SpringJUnit4ClassRunner.createTest(SpringJUnit4ClassRunner.java:211)
	at org.springframework.test.context.junit4.SpringJUnit4ClassRunner$1.runReflectiveCall(SpringJUnit4ClassRunner.java:288)
	at org.junit.internal.runners.model.ReflectiveCallable.run(ReflectiveCallable.java:15)
	at org.springframework.test.context.junit4.SpringJUnit4ClassRunner.methodBlock(SpringJUnit4ClassRunner.java:290)
	at org.springframework.test.context.junit4.SpringJUnit4ClassRunner.runChild(SpringJUnit4ClassRunner.java:231)
	at org.junit.runners.BlockJUnit4ClassRunner.runChild(BlockJUnit4ClassRunner.java:48)
	at org.junit.runners.ParentRunner$3.run(ParentRunner.java:231)
	at org.junit.runners.ParentRunner$1.schedule(ParentRunner.java:60)
	at org.junit.runners.ParentRunner.runChildren(ParentRunner.java:229)
	at org.junit.runners.ParentRunner.access$000(ParentRunner.java:50)
	at org.junit.runners.ParentRunner$2.evaluate(ParentRunner.java:222)
	at org.springframework.test.context.junit4.statements.RunBeforeTestClassCallbacks.evaluate(RunBeforeTestClassCallbacks.java:61)
	at org.springframework.test.context.junit4.statements.RunAfterTestClassCallbacks.evaluate(RunAfterTestClassCallbacks.java:71)
	at org.junit.runners.ParentRunner.run(ParentRunner.java:292)
	at org.springframework.test.context.junit4.SpringJUnit4ClassRunner.run(SpringJUnit4ClassRunner.java:174)
	at org.apache.maven.surefire.junit4.JUnit4TestSet.execute(JUnit4TestSet.java:35)
	at org.apache.maven.surefire.junit4.JUnit4Provider.executeTestSet(JUnit4Provider.java:115)
	at org.apache.maven.surefire.junit4.JUnit4Provider.invoke(JUnit4Provider.java:97)
	at sun.reflect.NativeMethodAccessorImpl.invoke0(Native Method)
	at sun.reflect.NativeMethodAccessorImpl.invoke(NativeMethodAccessorImpl.java:39)
	at sun.reflect.DelegatingMethodAccessorImpl.invoke(DelegatingMethodAccessorImpl.java:25)
	at java.lang.reflect.Method.invoke(Method.java:597)
	at org.apache.maven.surefire.booter.ProviderFactory$ClassLoaderProxy.invoke(ProviderFactory.java:103)
	at $Proxy0.invoke(Unknown Source)
	at org.apache.maven.surefire.booter.SurefireStarter.invokeProvider(SurefireStarter.java:150)
	at org.apache.maven.surefire.booter.SurefireStarter.runSuitesInProcess(SurefireStarter.java:91)
	at org.apache.maven.surefire.booter.ForkedBooter.main(ForkedBooter.java:69)
Caused by: org.springframework.beans.factory.BeanCreationException: Error creating bean with name &apos;customerController&apos;: Injection of autowired dependencies failed; nested exception is org.springframework.beans.factory.BeanCreationException: Could not autowire field: com.mdstech.workflow.service.customer.CustomerService com.mdstech.workflow.controller.CustomerController.customerService; nested exception is org.springframework.beans.factory.BeanCreationException: Error creating bean with name &apos;customerService&apos;: Injection of autowired dependencies failed; nested exception is org.springframework.beans.factory.BeanCreationException: Could not autowire field: private com.mdstech.workflow.repository.customer.CustomerRepository com.mdstech.workflow.service.customer.CustomerServiceImpl.customerRepository; nested exception is org.springframework.beans.factory.NoSuchBeanDefinitionException: No matching bean of type [com.mdstech.workflow.repository.customer.CustomerRepository] found for dependency: expected at least 1 bean which qualifies as autowire candidate for this dependency. Dependency annotations: {@javax.inject.Inject()}
	at org.springframework.beans.factory.annotation.AutowiredAnnotationBeanPostProcessor.postProcessPropertyValues(AutowiredAnnotationBeanPostProcessor.java:287)
	at org.springframework.beans.factory.support.AbstractAutowireCapableBeanFactory.populateBean(AbstractAutowireCapableBeanFactory.java:1106)
	at org.springframework.beans.factory.support.AbstractAutowireCapableBeanFactory.doCreateBean(AbstractAutowireCapableBeanFactory.java:517)
	at org.springframework.beans.factory.support.AbstractAutowireCapableBeanFactory.createBean(AbstractAutowireCapableBeanFactory.java:456)
	at org.springframework.beans.factory.support.AbstractBeanFactory$1.getObject(AbstractBeanFactory.java:294)
	at org.springframework.beans.factory.support.DefaultSingletonBeanRegistry.getSingleton(DefaultSingletonBeanRegistry.java:225)
	at org.springframework.beans.factory.support.AbstractBeanFactory.doGetBean(AbstractBeanFactory.java:291)
	at org.springframework.beans.factory.support.AbstractBeanFactory.getBean(AbstractBeanFactory.java:193)
	at org.springframework.beans.factory.support.DefaultListableBeanFactory.preInstantiateSingletons(DefaultListableBeanFactory.java:585)
	at org.springframework.context.support.AbstractApplicationContext.finishBeanFactoryInitialization(AbstractApplicationContext.java:913)
	at org.springframework.context.support.AbstractApplicationContext.refresh(AbstractApplicationContext.java:464)
	at org.springframework.test.context.support.AbstractGenericContextLoader.loadContext(AbstractGenericContextLoader.java:103)
	at org.springframework.test.context.support.AbstractGenericContextLoader.loadContext(AbstractGenericContextLoader.java:1)
	at org.springframework.test.context.support.DelegatingSmartContextLoader.loadContext(DelegatingSmartContextLoader.java:228)
	at org.springframework.test.context.TestContext.loadApplicationContext(TestContext.java:124)
	at org.springframework.test.context.TestContext.getApplicationContext(TestContext.java:148)
	... 30 more
Caused by: org.springframework.beans.factory.BeanCreationException: Could not autowire field: com.mdstech.workflow.service.customer.CustomerService com.mdstech.workflow.controller.CustomerController.customerService; nested exception is org.springframework.beans.factory.BeanCreationException: Error creating bean with name &apos;customerService&apos;: Injection of autowired dependencies failed; nested exception is org.springframework.beans.factory.BeanCreationException: Could not autowire field: private com.mdstech.workflow.repository.customer.CustomerRepository com.mdstech.workflow.service.customer.CustomerServiceImpl.customerRepository; nested exception is org.springframework.beans.factory.NoSuchBeanDefinitionException: No matching bean of type [com.mdstech.workflow.repository.customer.CustomerRepository] found for dependency: expected at least 1 bean which qualifies as autowire candidate for this dependency. Dependency annotations: {@javax.inject.Inject()}
	at org.springframework.beans.factory.annotation.AutowiredAnnotationBeanPostProcessor$AutowiredFieldElement.inject(AutowiredAnnotationBeanPostProcessor.java:506)
	at org.springframework.beans.factory.annotation.InjectionMetadata.inject(InjectionMetadata.java:87)
	at org.springframework.beans.factory.annotation.AutowiredAnnotationBeanPostProcessor.postProcessPropertyValues(AutowiredAnnotationBeanPostProcessor.java:284)
	... 45 more
Caused by: org.springframework.beans.factory.BeanCreationException: Error creating bean with name &apos;customerService&apos;: Injection of autowired dependencies failed; nested exception is org.springframework.beans.factory.BeanCreationException: Could not autowire field: private com.mdstech.workflow.repository.customer.CustomerRepository com.mdstech.workflow.service.customer.CustomerServiceImpl.customerRepository; nested exception is org.springframework.beans.factory.NoSuchBeanDefinitionException: No matching bean of type [com.mdstech.workflow.repository.customer.CustomerRepository] found for dependency: expected at least 1 bean which qualifies as autowire candidate for this dependency. Dependency annotations: {@javax.inject.Inject()}
	at org.springframework.beans.factory.annotation.AutowiredAnnotationBeanPostProcessor.postProcessPropertyValues(AutowiredAnnotationBeanPostProcessor.java:287)
	at org.springframework.beans.factory.support.AbstractAutowireCapableBeanFactory.populateBean(AbstractAutowireCapableBeanFactory.java:1106)
	at org.springframework.beans.factory.support.AbstractAutowireCapableBeanFactory.doCreateBean(AbstractAutowireCapableBeanFactory.java:517)
	at org.springframework.beans.factory.support.AbstractAutowireCapableBeanFactory.createBean(AbstractAutowireCapableBeanFactory.java:456)
	at org.springframework.beans.factory.support.AbstractBeanFactory$1.getObject(AbstractBeanFactory.java:294)
	at org.springframework.beans.factory.support.DefaultSingletonBeanRegistry.getSingleton(DefaultSingletonBeanRegistry.java:225)
	at org.springframework.beans.factory.support.AbstractBeanFactory.doGetBean(AbstractBeanFactory.java:291)
	at org.springframework.beans.factory.support.AbstractBeanFactory.getBean(AbstractBeanFactory.java:193)
	at org.springframework.beans.factory.support.DefaultListableBeanFactory.findAutowireCandidates(DefaultListableBeanFactory.java:848)
	at org.springframework.beans.factory.support.DefaultListableBeanFactory.doResolveDependency(DefaultListableBeanFactory.java:790)
	at org.springframework.beans.factory.support.DefaultListableBeanFactory.resolveDependency(DefaultListableBeanFactory.java:707)
	at org.springframework.beans.factory.annotation.AutowiredAnnotationBeanPostProcessor$AutowiredFieldElement.inject(AutowiredAnnotationBeanPostProcessor.java:478)
	... 47 more
Caused by: org.springframework.beans.factory.BeanCreationException: Could not autowire field: private com.mdstech.workflow.repository.customer.CustomerRepository com.mdstech.workflow.service.customer.CustomerServiceImpl.customerRepository; nested exception is org.springframework.beans.factory.NoSuchBeanDefinitionException: No matching bean of type [com.mdstech.workflow.repository.customer.CustomerRepository] found for dependency: expected at least 1 bean which qualifies as autowire candidate for this dependency. Dependency annotations: {@javax.inject.Inject()}
	at org.springframework.beans.factory.annotation.AutowiredAnnotationBeanPostProcessor$AutowiredFieldElement.inject(AutowiredAnnotationBeanPostProcessor.java:506)
	at org.springframework.beans.factory.annotation.InjectionMetadata.inject(InjectionMetadata.java:87)
	at org.springframework.beans.factory.annotation.AutowiredAnnotationBeanPostProcessor.postProcessPropertyValues(AutowiredAnnotationBeanPostProcessor.java:284)
	... 58 more
Caused by: org.springframework.beans.factory.NoSuchBeanDefinitionException: No matching bean of type [com.mdstech.workflow.repository.customer.CustomerRepository] found for dependency: expected at least 1 bean which qualifies as autowire candidate for this dependency. Dependency annotations: {@javax.inject.Inject()}
	at org.springframework.beans.factory.support.DefaultListableBeanFactory.raiseNoSuchBeanDefinitionException(DefaultListableBeanFactory.java:924)
	at org.springframework.beans.factory.support.DefaultListableBeanFactory.doResolveDependency(DefaultListableBeanFactory.java:793)
	at org.springframework.beans.factory.support.DefaultListableBeanFactory.resolveDependency(DefaultListableBeanFactory.java:707)
	at org.springframework.beans.factory.annotation.AutowiredAnnotationBeanPostProcessor$AutowiredFieldElement.inject(AutowiredAnnotationBeanPostProcessor.java:478)
	... 60 more
</error>
    <system-out>@HL
@HL-------------------------------------------------------
@HL T E S T S
@HL-------------------------------------------------------
@SLRunning com.mdstech.workflow.controller.CustomerControllerTest
DEBUG SpringJUnit4ClassRunner - SpringJUnit4ClassRunner constructor called with [class com.mdstech.workflow.controller.CustomerControllerTest].
DEBUG DelegatingSmartContextLoader - Delegating to GenericXmlContextLoader to process context configuration [ContextConfigurationAttributes@62da3a1e declaringClass = &apos;com.mdstech.workflow.controller.SpringTestCaseHelper&apos;, locations = &apos;{classpath*:META-INF/spring/workflow-ui-context.xml}&apos;, classes = &apos;{}&apos;, inheritLocations = true, contextLoaderClass = &apos;org.springframework.test.context.ContextLoader&apos;].
DEBUG ContextLoaderUtils - Could not find an &apos;annotation declaring class&apos; for annotation type [interface org.springframework.test.context.ActiveProfiles] and class [class com.mdstech.workflow.controller.CustomerControllerTest]
INFO  TestContextManager - @TestExecutionListeners is not present for class [class com.mdstech.workflow.controller.CustomerControllerTest]: using defaults.
DEBUG ProfileValueUtils - Retrieved @ProfileValueSourceConfiguration [null] for test class [com.mdstech.workflow.controller.CustomerControllerTest]
DEBUG ProfileValueUtils - Retrieved ProfileValueSource type [class org.springframework.test.annotation.SystemProfileValueSource] for class [com.mdstech.workflow.controller.CustomerControllerTest]
DEBUG ProfileValueUtils - Retrieved @ProfileValueSourceConfiguration [null] for test class [com.mdstech.workflow.controller.CustomerControllerTest]
DEBUG ProfileValueUtils - Retrieved ProfileValueSource type [class org.springframework.test.annotation.SystemProfileValueSource] for class [com.mdstech.workflow.controller.CustomerControllerTest]
DEBUG ProfileValueUtils - Retrieved @ProfileValueSourceConfiguration [null] for test class [com.mdstech.workflow.controller.CustomerControllerTest]
DEBUG ProfileValueUtils - Retrieved ProfileValueSource type [class org.springframework.test.annotation.SystemProfileValueSource] for class [com.mdstech.workflow.controller.CustomerControllerTest]
DEBUG DependencyInjectionTestExecutionListener - Performing dependency injection for test context [[TestContext@26858bf1 testClass = CustomerControllerTest, testInstance = com.mdstech.workflow.controller.CustomerControllerTest@9a68ef9, testMethod = [null], testException = [null], mergedContextConfiguration = [MergedContextConfiguration@15f48262 testClass = CustomerControllerTest, locations = &apos;{classpath*:META-INF/spring/workflow-ui-context.xml}&apos;, classes = &apos;{}&apos;, activeProfiles = &apos;{}&apos;, contextLoader = &apos;org.springframework.test.context.support.DelegatingSmartContextLoader&apos;]]].
DEBUG DelegatingSmartContextLoader - Delegating to GenericXmlContextLoader to load context from [MergedContextConfiguration@15f48262 testClass = CustomerControllerTest, locations = &apos;{classpath*:META-INF/spring/workflow-ui-context.xml}&apos;, classes = &apos;{}&apos;, activeProfiles = &apos;{}&apos;, contextLoader = &apos;org.springframework.test.context.support.DelegatingSmartContextLoader&apos;].
DEBUG AbstractGenericContextLoader - Loading ApplicationContext for merged context configuration [[MergedContextConfiguration@15f48262 testClass = CustomerControllerTest, locations = &apos;{classpath*:META-INF/spring/workflow-ui-context.xml}&apos;, classes = &apos;{}&apos;, activeProfiles = &apos;{}&apos;, contextLoader = &apos;org.springframework.test.context.support.DelegatingSmartContextLoader&apos;]].
DEBUG StandardEnvironment - Initializing new StandardEnvironment
DEBUG StandardEnvironment - Adding [systemProperties] PropertySource with lowest search precedence
DEBUG StandardEnvironment - Adding [systemEnvironment] PropertySource with lowest search precedence
DEBUG StandardEnvironment - Initialized StandardEnvironment with PropertySources [systemProperties,systemEnvironment]
DEBUG StandardEnvironment - Initializing new StandardEnvironment
DEBUG StandardEnvironment - Adding [systemProperties] PropertySource with lowest search precedence
DEBUG StandardEnvironment - Adding [systemEnvironment] PropertySource with lowest search precedence
DEBUG StandardEnvironment - Initialized StandardEnvironment with PropertySources [systemProperties,systemEnvironment]
INFO  XmlBeanDefinitionReader - Loading XML bean definitions from URL [file:/Development/InsuranceWS/SimpleWorkflow/SimpleWorkflow-ui/target/classes/META-INF/spring/workflow-ui-context.xml]
DEBUG DefaultDocumentLoader - Using JAXP provider [com.sun.org.apache.xerces.internal.jaxp.DocumentBuilderFactoryImpl]
DEBUG PluggableSchemaResolver - Loading schema mappings from [META-INF/spring.schemas]
DEBUG PluggableSchemaResolver - Loaded schema mappings: {http://www.springframework.org/schema/util/spring-util.xsd=org/springframework/beans/factory/xml/spring-util-3.1.xsd, http://www.springframework.org/schema/mvc/spring-mvc-3.1.xsd=org/springframework/web/servlet/config/spring-mvc-3.1.xsd, http://www.springframework.org/schema/task/spring-task.xsd=org/springframework/scheduling/config/spring-task-3.1.xsd, http://www.springframework.org/schema/beans/spring-beans-3.1.xsd=org/springframework/beans/factory/xml/spring-beans-3.1.xsd, http://www.springframework.org/schema/security/spring-security-2.0.2.xsd=org/springframework/security/config/spring-security-2.0.2.xsd, http://www.springframework.org/schema/cache/spring-cache.xsd=org/springframework/cache/config/spring-cache-3.1.xsd, http://www.springframework.org/schema/aop/spring-aop-3.0.xsd=org/springframework/aop/config/spring-aop-3.0.xsd, http://www.springframework.org/schema/task/spring-task-3.1.xsd=org/springframework/scheduling/config/spring-task-3.1.xsd, http://www.springframework.org/schema/aop/spring-aop-2.0.xsd=org/springframework/aop/config/spring-aop-2.0.xsd, http://www.springframework.org/schema/tool/spring-tool-2.5.xsd=org/springframework/beans/factory/xml/spring-tool-2.5.xsd, http://www.springframework.org/schema/security/spring-security-3.1.xsd=org/springframework/security/config/spring-security-3.1.xsd, http://www.springframework.org/schema/beans/spring-beans.xsd=org/springframework/beans/factory/xml/spring-beans-3.1.xsd, http://www.springframework.org/schema/jee/spring-jee-2.5.xsd=org/springframework/ejb/config/spring-jee-2.5.xsd, http://www.springframework.org/schema/jdbc/spring-jdbc-3.1.xsd=org/springframework/jdbc/config/spring-jdbc-3.1.xsd, http://www.springframework.org/schema/tool/spring-tool-3.1.xsd=org/springframework/beans/factory/xml/spring-tool-3.1.xsd, http://www.springframework.org/schema/security/spring-security-3.0.3.xsd=org/springframework/security/config/spring-security-3.0.3.xsd, http://www.springframework.org/schema/jee/spring-jee-3.1.xsd=org/springframework/ejb/config/spring-jee-3.1.xsd, http://www.springframework.org/schema/aop/spring-aop.xsd=org/springframework/aop/config/spring-aop-3.0.xsd, http://www.springframework.org/schema/beans/spring-beans-2.0.xsd=org/springframework/beans/factory/xml/spring-beans-2.0.xsd, http://www.springframework.org/schema/mvc/spring-mvc-3.0.xsd=org/springframework/web/servlet/config/spring-mvc-3.0.xsd, http://www.springframework.org/schema/beans/spring-beans-3.0.xsd=org/springframework/beans/factory/xml/spring-beans-3.0.xsd, http://www.springframework.org/schema/security/spring-security-2.0.1.xsd=org/springframework/security/config/spring-security-2.0.1.xsd, http://www.springframework.org/schema/task/spring-task-3.0.xsd=org/springframework/scheduling/config/spring-task-3.0.xsd, http://www.springframework.org/schema/security/spring-security-2.0.xsd=org/springframework/security/config/spring-security-2.0.xsd, http://www.springframework.org/schema/security/spring-security-3.0.xsd=org/springframework/security/config/spring-security-3.0.xsd, http://www.springframework.org/schema/tx/spring-tx-2.5.xsd=org/springframework/transaction/config/spring-tx-2.5.xsd, http://www.springframework.org/schema/context/spring-context-2.5.xsd=org/springframework/context/config/spring-context-2.5.xsd, http://www.springframework.org/schema/jdbc/spring-jdbc-3.0.xsd=org/springframework/jdbc/config/spring-jdbc-3.0.xsd, http://www.springframework.org/schema/tool/spring-tool-3.0.xsd=org/springframework/beans/factory/xml/spring-tool-3.0.xsd, http://www.springframework.org/schema/tx/spring-tx.xsd=org/springframework/transaction/config/spring-tx-3.1.xsd, http://www.springframework.org/schema/lang/spring-lang.xsd=org/springframework/scripting/config/spring-lang-3.1.xsd, http://www.springframework.org/schema/tool/spring-tool-2.0.xsd=org/springframework/beans/factory/xml/spring-tool-2.0.xsd, http://www.springframework.org/schema/util/spring-util-2.5.xsd=org/springframework/beans/factory/xml/spring-util-2.5.xsd, http://www.springframework.org/schema/lang/spring-lang-2.5.xsd=org/springframework/scripting/config/spring-lang-2.5.xsd, http://www.springframework.org/schema/security/spring-security-2.0.4.xsd=org/springframework/security/config/spring-security-2.0.4.xsd, http://www.springframework.org/schema/data/jpa/spring-jpa-1.0.xsd=org/springframework/data/jpa/repository/config/spring-jpa-1.0.xsd, http://www.springframework.org/schema/jee/spring-jee-3.0.xsd=org/springframework/ejb/config/spring-jee-3.0.xsd, http://www.springframework.org/schema/tx/spring-tx-3.1.xsd=org/springframework/transaction/config/spring-tx-3.1.xsd, http://www.springframework.org/schema/jee/spring-jee-2.0.xsd=org/springframework/ejb/config/spring-jee-2.0.xsd, http://www.springframework.org/schema/context/spring-context-3.1.xsd=org/springframework/context/config/spring-context-3.1.xsd, http://www.springframework.org/schema/util/spring-util-3.1.xsd=org/springframework/beans/factory/xml/spring-util-3.1.xsd, http://www.springframework.org/schema/lang/spring-lang-3.1.xsd=org/springframework/scripting/config/spring-lang-3.1.xsd, http://www.springframework.org/schema/cache/spring-cache-3.1.xsd=org/springframework/cache/config/spring-cache-3.1.xsd, http://www.springframework.org/schema/context/spring-context.xsd=org/springframework/context/config/spring-context-3.1.xsd, http://www.springframework.org/schema/security/spring-security.xsd=org/springframework/security/config/spring-security-3.1.xsd, http://www.springframework.org/schema/jee/spring-jee.xsd=org/springframework/ejb/config/spring-jee-3.1.xsd, http://www.springframework.org/schema/data/jpa/spring-jpa.xsd=org/springframework/data/jpa/repository/config/spring-jpa-1.0.xsd, http://www.springframework.org/schema/aop/spring-aop-2.5.xsd=org/springframework/aop/config/spring-aop-2.5.xsd, http://www.springframework.org/schema/data/repository/spring-repository.xsd=org/springframework/data/repository/config/spring-repository-1.0.xsd, http://www.springframework.org/schema/mvc/spring-mvc.xsd=org/springframework/web/servlet/config/spring-mvc-3.1.xsd, http://www.springframework.org/schema/jdbc/spring-jdbc.xsd=org/springframework/jdbc/config/spring-jdbc-3.1.xsd, http://www.springframework.org/schema/data/repository/spring-repository-1.0.xsd=org/springframework/data/repository/config/spring-repository-1.0.xsd, http://www.springframework.org/schema/tx/spring-tx-2.0.xsd=org/springframework/transaction/config/spring-tx-2.0.xsd, http://www.springframework.org/schema/tx/spring-tx-3.0.xsd=org/springframework/transaction/config/spring-tx-3.0.xsd, http://www.springframework.org/schema/context/spring-context-3.0.xsd=org/springframework/context/config/spring-context-3.0.xsd, http://www.springframework.org/schema/tool/spring-tool.xsd=org/springframework/beans/factory/xml/spring-tool-3.1.xsd, http://www.springframework.org/schema/util/spring-util-3.0.xsd=org/springframework/beans/factory/xml/spring-util-3.0.xsd, http://www.springframework.org/schema/lang/spring-lang-3.0.xsd=org/springframework/scripting/config/spring-lang-3.0.xsd, http://www.springframework.org/schema/util/spring-util-2.0.xsd=org/springframework/beans/factory/xml/spring-util-2.0.xsd, http://www.springframework.org/schema/lang/spring-lang-2.0.xsd=org/springframework/scripting/config/spring-lang-2.0.xsd, http://www.springframework.org/schema/beans/spring-beans-2.5.xsd=org/springframework/beans/factory/xml/spring-beans-2.5.xsd}
DEBUG PluggableSchemaResolver - Found XML schema [http://www.springframework.org/schema/beans/spring-beans-3.1.xsd] in classpath: org/springframework/beans/factory/xml/spring-beans-3.1.xsd
DEBUG PluggableSchemaResolver - Found XML schema [http://www.springframework.org/schema/context/spring-context-3.1.xsd] in classpath: org/springframework/context/config/spring-context-3.1.xsd
DEBUG PluggableSchemaResolver - Found XML schema [http://www.springframework.org/schema/tool/spring-tool-3.1.xsd] in classpath: org/springframework/beans/factory/xml/spring-tool-3.1.xsd
DEBUG PluggableSchemaResolver - Found XML schema [http://www.springframework.org/schema/mvc/spring-mvc-3.1.xsd] in classpath: org/springframework/web/servlet/config/spring-mvc-3.1.xsd
DEBUG DefaultBeanDefinitionDocumentReader - Loading bean definitions
DEBUG DefaultNamespaceHandlerResolver - Loaded NamespaceHandler mappings: {http://www.springframework.org/schema/p=org.springframework.beans.factory.xml.SimplePropertyNamespaceHandler, http://www.springframework.org/schema/mvc=org.springframework.web.servlet.config.MvcNamespaceHandler, http://www.springframework.org/schema/util=org.springframework.beans.factory.xml.UtilNamespaceHandler, http://www.springframework.org/schema/jee=org.springframework.ejb.config.JeeNamespaceHandler, http://www.springframework.org/schema/aop=org.springframework.aop.config.AopNamespaceHandler, http://www.springframework.org/schema/jdbc=org.springframework.jdbc.config.JdbcNamespaceHandler, http://www.springframework.org/schema/data/jpa=org.springframework.data.jpa.repository.config.JpaRepositoryNameSpaceHandler, http://www.springframework.org/schema/cache=org.springframework.cache.config.CacheNamespaceHandler, http://www.springframework.org/schema/c=org.springframework.beans.factory.xml.SimpleConstructorNamespaceHandler, http://www.springframework.org/schema/security=org.springframework.security.config.SecurityNamespaceHandler, http://www.springframework.org/schema/tx=org.springframework.transaction.config.TxNamespaceHandler, http://www.springframework.org/schema/task=org.springframework.scheduling.config.TaskNamespaceHandler, http://www.springframework.org/schema/lang=org.springframework.scripting.config.LangNamespaceHandler, http://www.springframework.org/schema/context=org.springframework.context.config.ContextNamespaceHandler}
INFO  ClassPathBeanDefinitionScanner - JSR-330 &apos;javax.inject.Named&apos; annotation found and supported for component scanning
DEBUG PathMatchingResourcePatternResolver - Looking for matching resources in directory tree [/Development/InsuranceWS/SimpleWorkflow/SimpleWorkflow-ui/target/test-classes/com/mdstech/workflow]
DEBUG PathMatchingResourcePatternResolver - Searching directory [/Development/InsuranceWS/SimpleWorkflow/SimpleWorkflow-ui/target/test-classes/com/mdstech/workflow] for files matching pattern [/Development/InsuranceWS/SimpleWorkflow/SimpleWorkflow-ui/target/test-classes/com/mdstech/workflow/**/*.class]
DEBUG PathMatchingResourcePatternResolver - Searching directory [/Development/InsuranceWS/SimpleWorkflow/SimpleWorkflow-ui/target/test-classes/com/mdstech/workflow/controller] for files matching pattern [/Development/InsuranceWS/SimpleWorkflow/SimpleWorkflow-ui/target/test-classes/com/mdstech/workflow/**/*.class]
DEBUG PathMatchingResourcePatternResolver - Looking for matching resources in directory tree [/Development/InsuranceWS/SimpleWorkflow/SimpleWorkflow-ui/target/classes/com/mdstech/workflow]
DEBUG PathMatchingResourcePatternResolver - Searching directory [/Development/InsuranceWS/SimpleWorkflow/SimpleWorkflow-ui/target/classes/com/mdstech/workflow] for files matching pattern [/Development/InsuranceWS/SimpleWorkflow/SimpleWorkflow-ui/target/classes/com/mdstech/workflow/**/*.class]
DEBUG PathMatchingResourcePatternResolver - Searching directory [/Development/InsuranceWS/SimpleWorkflow/SimpleWorkflow-ui/target/classes/com/mdstech/workflow/controller] for files matching pattern [/Development/InsuranceWS/SimpleWorkflow/SimpleWorkflow-ui/target/classes/com/mdstech/workflow/**/*.class]
DEBUG PathMatchingResourcePatternResolver - Searching directory [/Development/InsuranceWS/SimpleWorkflow/SimpleWorkflow-ui/target/classes/com/mdstech/workflow/controller/util] for files matching pattern [/Development/InsuranceWS/SimpleWorkflow/SimpleWorkflow-ui/target/classes/com/mdstech/workflow/**/*.class]
DEBUG PathMatchingResourcePatternResolver - Looking for matching resources in jar file [file:/Users/Srini/.m2/repository/com/mdstech/sample/SimpleWorkflow-remote/0.0.1-SNAPSHOT/SimpleWorkflow-remote-0.0.1-SNAPSHOT.jar]
DEBUG PathMatchingResourcePatternResolver - Looking for matching resources in jar file [file:/Users/Srini/.m2/repository/com/mdstech/sample/SimpleWorkflow-service/0.0.1-SNAPSHOT/SimpleWorkflow-service-0.0.1-SNAPSHOT.jar]
DEBUG PathMatchingResourcePatternResolver - Resolved location pattern [classpath*:com/mdstech/workflow/**/*.class] to resources [file [/Development/InsuranceWS/SimpleWorkflow/SimpleWorkflow-ui/target/test-classes/com/mdstech/workflow/controller/CustomerControllerTest.class], file [/Development/InsuranceWS/SimpleWorkflow/SimpleWorkflow-ui/target/test-classes/com/mdstech/workflow/controller/SpringTestCaseHelper.class], file [/Development/InsuranceWS/SimpleWorkflow/SimpleWorkflow-ui/target/classes/com/mdstech/workflow/controller/CustomerController.class], file [/Development/InsuranceWS/SimpleWorkflow/SimpleWorkflow-ui/target/classes/com/mdstech/workflow/controller/util/ConvertToJsonFormat.class], URL [jar:file:/Users/Srini/.m2/repository/com/mdstech/sample/SimpleWorkflow-remote/0.0.1-SNAPSHOT/SimpleWorkflow-remote-0.0.1-SNAPSHOT.jar!/com/mdstech/workflow/dto/AbstractDto.class], URL [jar:file:/Users/Srini/.m2/repository/com/mdstech/sample/SimpleWorkflow-remote/0.0.1-SNAPSHOT/SimpleWorkflow-remote-0.0.1-SNAPSHOT.jar!/com/mdstech/workflow/dto/customer/CustomerDto.class], URL [jar:file:/Users/Srini/.m2/repository/com/mdstech/sample/SimpleWorkflow-remote/0.0.1-SNAPSHOT/SimpleWorkflow-remote-0.0.1-SNAPSHOT.jar!/com/mdstech/workflow/service/AbstractService.class], URL [jar:file:/Users/Srini/.m2/repository/com/mdstech/sample/SimpleWorkflow-remote/0.0.1-SNAPSHOT/SimpleWorkflow-remote-0.0.1-SNAPSHOT.jar!/com/mdstech/workflow/service/customer/CustomerService.class], URL [jar:file:/Users/Srini/.m2/repository/com/mdstech/sample/SimpleWorkflow-remote/0.0.1-SNAPSHOT/SimpleWorkflow-remote-0.0.1-SNAPSHOT.jar!/com/mdstech/workflow/type/GenderType.class], URL [jar:file:/Users/Srini/.m2/repository/com/mdstech/sample/SimpleWorkflow-remote/0.0.1-SNAPSHOT/SimpleWorkflow-remote-0.0.1-SNAPSHOT.jar!/com/mdstech/workflow/type/MaritalStatusType.class], URL [jar:file:/Users/Srini/.m2/repository/com/mdstech/sample/SimpleWorkflow-remote/0.0.1-SNAPSHOT/SimpleWorkflow-remote-0.0.1-SNAPSHOT.jar!/com/mdstech/workflow/type/SalutationType.class], URL [jar:file:/Users/Srini/.m2/repository/com/mdstech/sample/SimpleWorkflow-service/0.0.1-SNAPSHOT/SimpleWorkflow-service-0.0.1-SNAPSHOT.jar!/com/mdstech/workflow/domain/AbstractEntity.class], URL [jar:file:/Users/Srini/.m2/repository/com/mdstech/sample/SimpleWorkflow-service/0.0.1-SNAPSHOT/SimpleWorkflow-service-0.0.1-SNAPSHOT.jar!/com/mdstech/workflow/domain/customer/Customer.class], URL [jar:file:/Users/Srini/.m2/repository/com/mdstech/sample/SimpleWorkflow-service/0.0.1-SNAPSHOT/SimpleWorkflow-service-0.0.1-SNAPSHOT.jar!/com/mdstech/workflow/domain/customer/Customer_.class], URL [jar:file:/Users/Srini/.m2/repository/com/mdstech/sample/SimpleWorkflow-service/0.0.1-SNAPSHOT/SimpleWorkflow-service-0.0.1-SNAPSHOT.jar!/com/mdstech/workflow/repository/AbstractRepository.class], URL [jar:file:/Users/Srini/.m2/repository/com/mdstech/sample/SimpleWorkflow-service/0.0.1-SNAPSHOT/SimpleWorkflow-service-0.0.1-SNAPSHOT.jar!/com/mdstech/workflow/repository/customer/CustomerRepository.class], URL [jar:file:/Users/Srini/.m2/repository/com/mdstech/sample/SimpleWorkflow-service/0.0.1-SNAPSHOT/SimpleWorkflow-service-0.0.1-SNAPSHOT.jar!/com/mdstech/workflow/service/AbstractServiceImpl.class], URL [jar:file:/Users/Srini/.m2/repository/com/mdstech/sample/SimpleWorkflow-service/0.0.1-SNAPSHOT/SimpleWorkflow-service-0.0.1-SNAPSHOT.jar!/com/mdstech/workflow/service/customer/CustomerServiceImpl.class], URL [jar:file:/Users/Srini/.m2/repository/com/mdstech/sample/SimpleWorkflow-service/0.0.1-SNAPSHOT/SimpleWorkflow-service-0.0.1-SNAPSHOT.jar!/com/mdstech/workflow/service/specifications/SearchSpecifications$1.class], URL [jar:file:/Users/Srini/.m2/repository/com/mdstech/sample/SimpleWorkflow-service/0.0.1-SNAPSHOT/SimpleWorkflow-service-0.0.1-SNAPSHOT.jar!/com/mdstech/workflow/service/specifications/SearchSpecifications.class]]
DEBUG ClassPathBeanDefinitionScanner - Identified candidate component class: file [/Development/InsuranceWS/SimpleWorkflow/SimpleWorkflow-ui/target/classes/com/mdstech/workflow/controller/CustomerController.class]
DEBUG ClassPathBeanDefinitionScanner - Ignored because not a concrete top-level class: URL [jar:file:/Users/Srini/.m2/repository/com/mdstech/sample/SimpleWorkflow-service/0.0.1-SNAPSHOT/SimpleWorkflow-service-0.0.1-SNAPSHOT.jar!/com/mdstech/workflow/repository/AbstractRepository.class]
DEBUG ClassPathBeanDefinitionScanner - Ignored because not a concrete top-level class: URL [jar:file:/Users/Srini/.m2/repository/com/mdstech/sample/SimpleWorkflow-service/0.0.1-SNAPSHOT/SimpleWorkflow-service-0.0.1-SNAPSHOT.jar!/com/mdstech/workflow/repository/customer/CustomerRepository.class]
DEBUG ClassPathBeanDefinitionScanner - Identified candidate component class: URL [jar:file:/Users/Srini/.m2/repository/com/mdstech/sample/SimpleWorkflow-service/0.0.1-SNAPSHOT/SimpleWorkflow-service-0.0.1-SNAPSHOT.jar!/com/mdstech/workflow/service/customer/CustomerServiceImpl.class]
DEBUG BeanDefinitionParserDelegate - Neither XML &apos;id&apos; nor &apos;name&apos; specified - using generated bean name [org.springframework.web.servlet.view.BeanNameViewResolver#a98ce7e]
DEBUG BeanDefinitionParserDelegate - Neither XML &apos;id&apos; nor &apos;name&apos; specified - using generated bean name [org.springframework.web.servlet.view.UrlBasedViewResolver#361cb7a1]
DEBUG BeanDefinitionParserDelegate - Neither XML &apos;id&apos; nor &apos;name&apos; specified - using generated bean name [org.springframework.web.servlet.view.json.MappingJacksonJsonView#175bc6c8]
DEBUG BeanDefinitionParserDelegate - Neither XML &apos;id&apos; nor &apos;name&apos; specified - using generated bean name [org.springframework.web.servlet.view.ContentNegotiatingViewResolver#0]
DEBUG XmlBeanDefinitionReader - Loaded 19 bean definitions from location pattern [classpath*:META-INF/spring/workflow-ui-context.xml]
INFO  GenericApplicationContext - Refreshing org.springframework.context.support.GenericApplicationContext@360dc67e: startup date [Mon Sep 03 19:38:14 EDT 2012]; root of context hierarchy
DEBUG GenericApplicationContext - Bean factory for org.springframework.context.support.GenericApplicationContext@360dc67e: org.springframework.beans.factory.support.DefaultListableBeanFactory@44b09697: defining beans [customerController,customerService,org.springframework.context.annotation.internalConfigurationAnnotationProcessor,org.springframework.context.annotation.internalAutowiredAnnotationProcessor,org.springframework.context.annotation.internalRequiredAnnotationProcessor,org.springframework.context.annotation.internalCommonAnnotationProcessor,org.springframework.context.annotation.internalPersistenceAnnotationProcessor,org.springframework.web.servlet.mvc.method.annotation.RequestMappingHandlerMapping#0,org.springframework.format.support.FormattingConversionServiceFactoryBean#0,org.springframework.validation.beanvalidation.LocalValidatorFactoryBean#0,org.springframework.web.servlet.mvc.method.annotation.RequestMappingHandlerAdapter#0,org.springframework.web.servlet.handler.MappedInterceptor#0,org.springframework.web.servlet.mvc.method.annotation.ExceptionHandlerExceptionResolver#0,org.springframework.web.servlet.mvc.annotation.ResponseStatusExceptionResolver#0,org.springframework.web.servlet.mvc.support.DefaultHandlerExceptionResolver#0,org.springframework.web.servlet.handler.BeanNameUrlHandlerMapping,org.springframework.web.servlet.mvc.HttpRequestHandlerAdapter,org.springframework.web.servlet.mvc.SimpleControllerHandlerAdapter,org.springframework.web.servlet.view.ContentNegotiatingViewResolver#0]; root of factory hierarchy
DEBUG DefaultListableBeanFactory - Creating shared instance of singleton bean &apos;org.springframework.context.annotation.internalConfigurationAnnotationProcessor&apos;
DEBUG DefaultListableBeanFactory - Creating instance of bean &apos;org.springframework.context.annotation.internalConfigurationAnnotationProcessor&apos;
DEBUG DefaultListableBeanFactory - Eagerly caching bean &apos;org.springframework.context.annotation.internalConfigurationAnnotationProcessor&apos; to allow for resolving potential circular references
DEBUG DefaultListableBeanFactory - Finished creating instance of bean &apos;org.springframework.context.annotation.internalConfigurationAnnotationProcessor&apos;
DEBUG DefaultListableBeanFactory - Creating shared instance of singleton bean &apos;org.springframework.context.annotation.internalAutowiredAnnotationProcessor&apos;
DEBUG DefaultListableBeanFactory - Creating instance of bean &apos;org.springframework.context.annotation.internalAutowiredAnnotationProcessor&apos;
INFO  AutowiredAnnotationBeanPostProcessor - JSR-330 &apos;javax.inject.Inject&apos; annotation found and supported for autowiring
DEBUG DefaultListableBeanFactory - Eagerly caching bean &apos;org.springframework.context.annotation.internalAutowiredAnnotationProcessor&apos; to allow for resolving potential circular references
DEBUG DefaultListableBeanFactory - Finished creating instance of bean &apos;org.springframework.context.annotation.internalAutowiredAnnotationProcessor&apos;
DEBUG DefaultListableBeanFactory - Creating shared instance of singleton bean &apos;org.springframework.context.annotation.internalRequiredAnnotationProcessor&apos;
DEBUG DefaultListableBeanFactory - Creating instance of bean &apos;org.springframework.context.annotation.internalRequiredAnnotationProcessor&apos;
DEBUG DefaultListableBeanFactory - Eagerly caching bean &apos;org.springframework.context.annotation.internalRequiredAnnotationProcessor&apos; to allow for resolving potential circular references
DEBUG DefaultListableBeanFactory - Finished creating instance of bean &apos;org.springframework.context.annotation.internalRequiredAnnotationProcessor&apos;
DEBUG DefaultListableBeanFactory - Creating shared instance of singleton bean &apos;org.springframework.context.annotation.internalCommonAnnotationProcessor&apos;
DEBUG DefaultListableBeanFactory - Creating instance of bean &apos;org.springframework.context.annotation.internalCommonAnnotationProcessor&apos;
DEBUG DefaultListableBeanFactory - Eagerly caching bean &apos;org.springframework.context.annotation.internalCommonAnnotationProcessor&apos; to allow for resolving potential circular references
DEBUG DefaultListableBeanFactory - Finished creating instance of bean &apos;org.springframework.context.annotation.internalCommonAnnotationProcessor&apos;
DEBUG DefaultListableBeanFactory - Creating shared instance of singleton bean &apos;org.springframework.context.annotation.internalPersistenceAnnotationProcessor&apos;
DEBUG DefaultListableBeanFactory - Creating instance of bean &apos;org.springframework.context.annotation.internalPersistenceAnnotationProcessor&apos;
DEBUG DefaultListableBeanFactory - Eagerly caching bean &apos;org.springframework.context.annotation.internalPersistenceAnnotationProcessor&apos; to allow for resolving potential circular references
DEBUG DefaultListableBeanFactory - Finished creating instance of bean &apos;org.springframework.context.annotation.internalPersistenceAnnotationProcessor&apos;
DEBUG DefaultListableBeanFactory - Creating shared instance of singleton bean &apos;org.springframework.context.annotation.ConfigurationClassPostProcessor$ImportAwareBeanPostProcessor#0&apos;
DEBUG DefaultListableBeanFactory - Creating instance of bean &apos;org.springframework.context.annotation.ConfigurationClassPostProcessor$ImportAwareBeanPostProcessor#0&apos;
DEBUG DefaultListableBeanFactory - Eagerly caching bean &apos;org.springframework.context.annotation.ConfigurationClassPostProcessor$ImportAwareBeanPostProcessor#0&apos; to allow for resolving potential circular references
DEBUG DefaultListableBeanFactory - Finished creating instance of bean &apos;org.springframework.context.annotation.ConfigurationClassPostProcessor$ImportAwareBeanPostProcessor#0&apos;
DEBUG GenericApplicationContext - Unable to locate MessageSource with name &apos;messageSource&apos;: using default [org.springframework.context.support.DelegatingMessageSource@10987197]
DEBUG GenericApplicationContext - Unable to locate ApplicationEventMulticaster with name &apos;applicationEventMulticaster&apos;: using default [org.springframework.context.event.SimpleApplicationEventMulticaster@78ff9053]
INFO  DefaultListableBeanFactory - Pre-instantiating singletons in org.springframework.beans.factory.support.DefaultListableBeanFactory@44b09697: defining beans [customerController,customerService,org.springframework.context.annotation.internalConfigurationAnnotationProcessor,org.springframework.context.annotation.internalAutowiredAnnotationProcessor,org.springframework.context.annotation.internalRequiredAnnotationProcessor,org.springframework.context.annotation.internalCommonAnnotationProcessor,org.springframework.context.annotation.internalPersistenceAnnotationProcessor,org.springframework.web.servlet.mvc.method.annotation.RequestMappingHandlerMapping#0,org.springframework.format.support.FormattingConversionServiceFactoryBean#0,org.springframework.validation.beanvalidation.LocalValidatorFactoryBean#0,org.springframework.web.servlet.mvc.method.annotation.RequestMappingHandlerAdapter#0,org.springframework.web.servlet.handler.MappedInterceptor#0,org.springframework.web.servlet.mvc.method.annotation.ExceptionHandlerExceptionResolver#0,org.springframework.web.servlet.mvc.annotation.ResponseStatusExceptionResolver#0,org.springframework.web.servlet.mvc.support.DefaultHandlerExceptionResolver#0,org.springframework.web.servlet.handler.BeanNameUrlHandlerMapping,org.springframework.web.servlet.mvc.HttpRequestHandlerAdapter,org.springframework.web.servlet.mvc.SimpleControllerHandlerAdapter,org.springframework.web.servlet.view.ContentNegotiatingViewResolver#0,org.springframework.context.annotation.ConfigurationClassPostProcessor$ImportAwareBeanPostProcessor#0]; root of factory hierarchy
DEBUG DefaultListableBeanFactory - Creating shared instance of singleton bean &apos;customerController&apos;
DEBUG DefaultListableBeanFactory - Creating instance of bean &apos;customerController&apos;
DEBUG InjectionMetadata - Found injected element on class [com.mdstech.workflow.controller.CustomerController]: AutowiredFieldElement for com.mdstech.workflow.service.customer.CustomerService com.mdstech.workflow.controller.CustomerController.customerService
DEBUG DefaultListableBeanFactory - Eagerly caching bean &apos;customerController&apos; to allow for resolving potential circular references
DEBUG InjectionMetadata - Processing injected method of bean &apos;customerController&apos;: AutowiredFieldElement for com.mdstech.workflow.service.customer.CustomerService com.mdstech.workflow.controller.CustomerController.customerService
DEBUG DefaultListableBeanFactory - Creating shared instance of singleton bean &apos;customerService&apos;
DEBUG DefaultListableBeanFactory - Creating instance of bean &apos;customerService&apos;
DEBUG InjectionMetadata - Found injected element on class [com.mdstech.workflow.service.customer.CustomerServiceImpl]: AutowiredFieldElement for private com.mdstech.workflow.repository.customer.CustomerRepository com.mdstech.workflow.service.customer.CustomerServiceImpl.customerRepository
DEBUG DefaultListableBeanFactory - Eagerly caching bean &apos;customerService&apos; to allow for resolving potential circular references
DEBUG InjectionMetadata - Processing injected method of bean &apos;customerService&apos;: AutowiredFieldElement for private com.mdstech.workflow.repository.customer.CustomerRepository com.mdstech.workflow.service.customer.CustomerServiceImpl.customerRepository
INFO  DefaultListableBeanFactory - Destroying singletons in org.springframework.beans.factory.support.DefaultListableBeanFactory@44b09697: defining beans [customerController,customerService,org.springframework.context.annotation.internalConfigurationAnnotationProcessor,org.springframework.context.annotation.internalAutowiredAnnotationProcessor,org.springframework.context.annotation.internalRequiredAnnotationProcessor,org.springframework.context.annotation.internalCommonAnnotationProcessor,org.springframework.context.annotation.internalPersistenceAnnotationProcessor,org.springframework.web.servlet.mvc.method.annotation.RequestMappingHandlerMapping#0,org.springframework.format.support.FormattingConversionServiceFactoryBean#0,org.springframework.validation.beanvalidation.LocalValidatorFactoryBean#0,org.springframework.web.servlet.mvc.method.annotation.RequestMappingHandlerAdapter#0,org.springframework.web.servlet.handler.MappedInterceptor#0,org.springframework.web.servlet.mvc.method.annotation.ExceptionHandlerExceptionResolver#0,org.springframework.web.servlet.mvc.annotation.ResponseStatusExceptionResolver#0,org.springframework.web.servlet.mvc.support.DefaultHandlerExceptionResolver#0,org.springframework.web.servlet.handler.BeanNameUrlHandlerMapping,org.springframework.web.servlet.mvc.HttpRequestHandlerAdapter,org.springframework.web.servlet.mvc.SimpleControllerHandlerAdapter,org.springframework.web.servlet.view.ContentNegotiatingViewResolver#0,org.springframework.context.annotation.ConfigurationClassPostProcessor$ImportAwareBeanPostProcessor#0]; root of factory hierarchy
ERROR TestContextManager - Caught exception while allowing TestExecutionListener [org.springframework.test.context.support.DependencyInjectionTestExecutionListener@5a57e787] to prepare test instance [com.mdstech.workflow.controller.CustomerControllerTest@9a68ef9]
java.lang.IllegalStateException: Failed to load ApplicationContext
	at org.springframework.test.context.TestContext.getApplicationContext(TestContext.java:157)
	at org.springframework.test.context.support.DependencyInjectionTestExecutionListener.injectDependencies(DependencyInjectionTestExecutionListener.java:109)
	at org.springframework.test.context.support.DependencyInjectionTestExecutionListener.prepareTestInstance(DependencyInjectionTestExecutionListener.java:75)
	at org.springframework.test.context.TestContextManager.prepareTestInstance(TestContextManager.java:321)
	at org.springframework.test.context.junit4.SpringJUnit4ClassRunner.createTest(SpringJUnit4ClassRunner.java:211)
	at org.springframework.test.context.junit4.SpringJUnit4ClassRunner$1.runReflectiveCall(SpringJUnit4ClassRunner.java:288)
	at org.junit.internal.runners.model.ReflectiveCallable.run(ReflectiveCallable.java:15)
	at org.springframework.test.context.junit4.SpringJUnit4ClassRunner.methodBlock(SpringJUnit4ClassRunner.java:290)
	at org.springframework.test.context.junit4.SpringJUnit4ClassRunner.runChild(SpringJUnit4ClassRunner.java:231)
	at org.junit.runners.BlockJUnit4ClassRunner.runChild(BlockJUnit4ClassRunner.java:48)
	at org.junit.runners.ParentRunner$3.run(ParentRunner.java:231)
	at org.junit.runners.ParentRunner$1.schedule(ParentRunner.java:60)
	at org.junit.runners.ParentRunner.runChildren(ParentRunner.java:229)
	at org.junit.runners.ParentRunner.access$000(ParentRunner.java:50)
	at org.junit.runners.ParentRunner$2.evaluate(ParentRunner.java:222)
	at org.springframework.test.context.junit4.statements.RunBeforeTestClassCallbacks.evaluate(RunBeforeTestClassCallbacks.java:61)
	at org.springframework.test.context.junit4.statements.RunAfterTestClassCallbacks.evaluate(RunAfterTestClassCallbacks.java:71)
	at org.junit.runners.ParentRunner.run(ParentRunner.java:292)
	at org.springframework.test.context.junit4.SpringJUnit4ClassRunner.run(SpringJUnit4ClassRunner.java:174)
	at org.apache.maven.surefire.junit4.JUnit4TestSet.execute(JUnit4TestSet.java:35)
	at org.apache.maven.surefire.junit4.JUnit4Provider.executeTestSet(JUnit4Provider.java:115)
	at org.apache.maven.surefire.junit4.JUnit4Provider.invoke(JUnit4Provider.java:97)
	at sun.reflect.NativeMethodAccessorImpl.invoke0(Native Method)
	at sun.reflect.NativeMethodAccessorImpl.invoke(NativeMethodAccessorImpl.java:39)
	at sun.reflect.DelegatingMethodAccessorImpl.invoke(DelegatingMethodAccessorImpl.java:25)
	at java.lang.reflect.Method.invoke(Method.java:597)
	at org.apache.maven.surefire.booter.ProviderFactory$ClassLoaderProxy.invoke(ProviderFactory.java:103)
	at $Proxy0.invoke(Unknown Source)
	at org.apache.maven.surefire.booter.SurefireStarter.invokeProvider(SurefireStarter.java:150)
	at org.apache.maven.surefire.booter.SurefireStarter.runSuitesInProcess(SurefireStarter.java:91)
	at org.apache.maven.surefire.booter.ForkedBooter.main(ForkedBooter.java:69)
Caused by: org.springframework.beans.factory.BeanCreationException: Error creating bean with name &apos;customerController&apos;: Injection of autowired dependencies failed; nested exception is org.springframework.beans.factory.BeanCreationException: Could not autowire field: com.mdstech.workflow.service.customer.CustomerService com.mdstech.workflow.controller.CustomerController.customerService; nested exception is org.springframework.beans.factory.BeanCreationException: Error creating bean with name &apos;customerService&apos;: Injection of autowired dependencies failed; nested exception is org.springframework.beans.factory.BeanCreationException: Could not autowire field: private com.mdstech.workflow.repository.customer.CustomerRepository com.mdstech.workflow.service.customer.CustomerServiceImpl.customerRepository; nested exception is org.springframework.beans.factory.NoSuchBeanDefinitionException: No matching bean of type [com.mdstech.workflow.repository.customer.CustomerRepository] found for dependency: expected at least 1 bean which qualifies as autowire candidate for this dependency. Dependency annotations: {@javax.inject.Inject()}
	at org.springframework.beans.factory.annotation.AutowiredAnnotationBeanPostProcessor.postProcessPropertyValues(AutowiredAnnotationBeanPostProcessor.java:287)
	at org.springframework.beans.factory.support.AbstractAutowireCapableBeanFactory.populateBean(AbstractAutowireCapableBeanFactory.java:1106)
	at org.springframework.beans.factory.support.AbstractAutowireCapableBeanFactory.doCreateBean(AbstractAutowireCapableBeanFactory.java:517)
	at org.springframework.beans.factory.support.AbstractAutowireCapableBeanFactory.createBean(AbstractAutowireCapableBeanFactory.java:456)
	at org.springframework.beans.factory.support.AbstractBeanFactory$1.getObject(AbstractBeanFactory.java:294)
	at org.springframework.beans.factory.support.DefaultSingletonBeanRegistry.getSingleton(DefaultSingletonBeanRegistry.java:225)
	at org.springframework.beans.factory.support.AbstractBeanFactory.doGetBean(AbstractBeanFactory.java:291)
	at org.springframework.beans.factory.support.AbstractBeanFactory.getBean(AbstractBeanFactory.java:193)
	at org.springframework.beans.factory.support.DefaultListableBeanFactory.preInstantiateSingletons(DefaultListableBeanFactory.java:585)
	at org.springframework.context.support.AbstractApplicationContext.finishBeanFactoryInitialization(AbstractApplicationContext.java:913)
	at org.springframework.context.support.AbstractApplicationContext.refresh(AbstractApplicationContext.java:464)
	at org.springframework.test.context.support.AbstractGenericContextLoader.loadContext(AbstractGenericContextLoader.java:103)
	at org.springframework.test.context.support.AbstractGenericContextLoader.loadContext(AbstractGenericContextLoader.java:1)
	at org.springframework.test.context.support.DelegatingSmartContextLoader.loadContext(DelegatingSmartContextLoader.java:228)
	at org.springframework.test.context.TestContext.loadApplicationContext(TestContext.java:124)
	at org.springframework.test.context.TestContext.getApplicationContext(TestContext.java:148)
	... 30 more
Caused by: org.springframework.beans.factory.BeanCreationException: Could not autowire field: com.mdstech.workflow.service.customer.CustomerService com.mdstech.workflow.controller.CustomerController.customerService; nested exception is org.springframework.beans.factory.BeanCreationException: Error creating bean with name &apos;customerService&apos;: Injection of autowired dependencies failed; nested exception is org.springframework.beans.factory.BeanCreationException: Could not autowire field: private com.mdstech.workflow.repository.customer.CustomerRepository com.mdstech.workflow.service.customer.CustomerServiceImpl.customerRepository; nested exception is org.springframework.beans.factory.NoSuchBeanDefinitionException: No matching bean of type [com.mdstech.workflow.repository.customer.CustomerRepository] found for dependency: expected at least 1 bean which qualifies as autowire candidate for this dependency. Dependency annotations: {@javax.inject.Inject()}
	at org.springframework.beans.factory.annotation.AutowiredAnnotationBeanPostProcessor$AutowiredFieldElement.inject(AutowiredAnnotationBeanPostProcessor.java:506)
	at org.springframework.beans.factory.annotation.InjectionMetadata.inject(InjectionMetadata.java:87)
	at org.springframework.beans.factory.annotation.AutowiredAnnotationBeanPostProcessor.postProcessPropertyValues(AutowiredAnnotationBeanPostProcessor.java:284)
	... 45 more
Caused by: org.springframework.beans.factory.BeanCreationException: Error creating bean with name &apos;customerService&apos;: Injection of autowired dependencies failed; nested exception is org.springframework.beans.factory.BeanCreationException: Could not autowire field: private com.mdstech.workflow.repository.customer.CustomerRepository com.mdstech.workflow.service.customer.CustomerServiceImpl.customerRepository; nested exception is org.springframework.beans.factory.NoSuchBeanDefinitionException: No matching bean of type [com.mdstech.workflow.repository.customer.CustomerRepository] found for dependency: expected at least 1 bean which qualifies as autowire candidate for this dependency. Dependency annotations: {@javax.inject.Inject()}
	at org.springframework.beans.factory.annotation.AutowiredAnnotationBeanPostProcessor.postProcessPropertyValues(AutowiredAnnotationBeanPostProcessor.java:287)
	at org.springframework.beans.factory.support.AbstractAutowireCapableBeanFactory.populateBean(AbstractAutowireCapableBeanFactory.java:1106)
	at org.springframework.beans.factory.support.AbstractAutowireCapableBeanFactory.doCreateBean(AbstractAutowireCapableBeanFactory.java:517)
	at org.springframework.beans.factory.support.AbstractAutowireCapableBeanFactory.createBean(AbstractAutowireCapableBeanFactory.java:456)
	at org.springframework.beans.factory.support.AbstractBeanFactory$1.getObject(AbstractBeanFactory.java:294)
	at org.springframework.beans.factory.support.DefaultSingletonBeanRegistry.getSingleton(DefaultSingletonBeanRegistry.java:225)
	at org.springframework.beans.factory.support.AbstractBeanFactory.doGetBean(AbstractBeanFactory.java:291)
	at org.springframework.beans.factory.support.AbstractBeanFactory.getBean(AbstractBeanFactory.java:193)
	at org.springframework.beans.factory.support.DefaultListableBeanFactory.findAutowireCandidates(DefaultListableBeanFactory.java:848)
	at org.springframework.beans.factory.support.DefaultListableBeanFactory.doResolveDependency(DefaultListableBeanFactory.java:790)
	at org.springframework.beans.factory.support.DefaultListableBeanFactory.resolveDependency(DefaultListableBeanFactory.java:707)
	at org.springframework.beans.factory.annotation.AutowiredAnnotationBeanPostProcessor$AutowiredFieldElement.inject(AutowiredAnnotationBeanPostProcessor.java:478)
	... 47 more
Caused by: org.springframework.beans.factory.BeanCreationException: Could not autowire field: private com.mdstech.workflow.repository.customer.CustomerRepository com.mdstech.workflow.service.customer.CustomerServiceImpl.customerRepository; nested exception is org.springframework.beans.factory.NoSuchBeanDefinitionException: No matching bean of type [com.mdstech.workflow.repository.customer.CustomerRepository] found for dependency: expected at least 1 bean which qualifies as autowire candidate for this dependency. Dependency annotations: {@javax.inject.Inject()}
	at org.springframework.beans.factory.annotation.AutowiredAnnotationBeanPostProcessor$AutowiredFieldElement.inject(AutowiredAnnotationBeanPostProcessor.java:506)
	at org.springframework.beans.factory.annotation.InjectionMetadata.inject(InjectionMetadata.java:87)
	at org.springframework.beans.factory.annotation.AutowiredAnnotationBeanPostProcessor.postProcessPropertyValues(AutowiredAnnotationBeanPostProcessor.java:284)
	... 58 more
Caused by: org.springframework.beans.factory.NoSuchBeanDefinitionException: No matching bean of type [com.mdstech.workflow.repository.customer.CustomerRepository] found for dependency: expected at least 1 bean which qualifies as autowire candidate for this dependency. Dependency annotations: {@javax.inject.Inject()}
	at org.springframework.beans.factory.support.DefaultListableBeanFactory.raiseNoSuchBeanDefinitionException(DefaultListableBeanFactory.java:924)
	at org.springframework.beans.factory.support.DefaultListableBeanFactory.doResolveDependency(DefaultListableBeanFactory.java:793)
	at org.springframework.beans.factory.support.DefaultListableBeanFactory.resolveDependency(DefaultListableBeanFactory.java:707)
	at org.springframework.beans.factory.annotation.AutowiredAnnotationBeanPostProcessor$AutowiredFieldElement.inject(AutowiredAnnotationBeanPostProcessor.java:478)
	... 60 more
</system-out>
  </testcase>
</testsuite>